{"/home/lipegomes14/DEV/PROJETOS/DEVOPS-N3/DEVOPS-N3/src/App.js": {"path":"/home/lipegomes14/DEV/PROJETOS/DEVOPS-N3/DEVOPS-N3/src/App.js","all":false,"statementMap":{"0":{"start":{"line":1,"column":0},"end":{"line":1,"column":35}},"1":{"start":{"line":2,"column":0},"end":{"line":2,"column":31}},"2":{"start":{"line":3,"column":0},"end":{"line":3,"column":29}},"3":{"start":{"line":4,"column":0},"end":{"line":4,"column":0}},"4":{"start":{"line":5,"column":0},"end":{"line":5,"column":22}},"5":{"start":{"line":6,"column":0},"end":{"line":6,"column":24}},"6":{"start":{"line":7,"column":0},"end":{"line":7,"column":0}},"7":{"start":{"line":8,"column":0},"end":{"line":8,"column":18}},"8":{"start":{"line":9,"column":0},"end":{"line":9,"column":55}},"9":{"start":{"line":10,"column":0},"end":{"line":10,"column":76}},"10":{"start":{"line":11,"column":0},"end":{"line":11,"column":0}},"11":{"start":{"line":12,"column":0},"end":{"line":12,"column":56}},"12":{"start":{"line":13,"column":0},"end":{"line":13,"column":32}},"13":{"start":{"line":14,"column":0},"end":{"line":14,"column":66}},"14":{"start":{"line":15,"column":0},"end":{"line":15,"column":0}},"15":{"start":{"line":16,"column":0},"end":{"line":16,"column":61}},"16":{"start":{"line":17,"column":0},"end":{"line":17,"column":36}},"17":{"start":{"line":18,"column":0},"end":{"line":18,"column":7}},"18":{"start":{"line":19,"column":0},"end":{"line":19,"column":43}},"19":{"start":{"line":20,"column":0},"end":{"line":20,"column":50}},"20":{"start":{"line":21,"column":0},"end":{"line":21,"column":7}},"21":{"start":{"line":22,"column":0},"end":{"line":22,"column":17}},"22":{"start":{"line":23,"column":0},"end":{"line":23,"column":32}},"23":{"start":{"line":24,"column":0},"end":{"line":24,"column":28}},"24":{"start":{"line":25,"column":0},"end":{"line":25,"column":24}},"25":{"start":{"line":26,"column":0},"end":{"line":26,"column":10}},"26":{"start":{"line":27,"column":0},"end":{"line":27,"column":7}},"27":{"start":{"line":28,"column":0},"end":{"line":28,"column":6}},"28":{"start":{"line":29,"column":0},"end":{"line":29,"column":0}},"29":{"start":{"line":30,"column":0},"end":{"line":30,"column":45}},"30":{"start":{"line":31,"column":0},"end":{"line":31,"column":54}},"31":{"start":{"line":32,"column":0},"end":{"line":32,"column":0}},"32":{"start":{"line":33,"column":0},"end":{"line":33,"column":49}},"33":{"start":{"line":34,"column":0},"end":{"line":34,"column":0}},"34":{"start":{"line":35,"column":0},"end":{"line":35,"column":45}},"35":{"start":{"line":36,"column":0},"end":{"line":36,"column":68}},"36":{"start":{"line":37,"column":0},"end":{"line":37,"column":43}},"37":{"start":{"line":38,"column":0},"end":{"line":38,"column":6}},"38":{"start":{"line":39,"column":0},"end":{"line":39,"column":0}},"39":{"start":{"line":40,"column":0},"end":{"line":40,"column":49}},"40":{"start":{"line":41,"column":0},"end":{"line":41,"column":21}},"41":{"start":{"line":42,"column":0},"end":{"line":42,"column":0}},"42":{"start":{"line":43,"column":0},"end":{"line":43,"column":17}},"43":{"start":{"line":44,"column":0},"end":{"line":44,"column":72}},"44":{"start":{"line":45,"column":0},"end":{"line":45,"column":52}},"45":{"start":{"line":46,"column":0},"end":{"line":46,"column":9}},"46":{"start":{"line":47,"column":0},"end":{"line":47,"column":0}},"47":{"start":{"line":48,"column":0},"end":{"line":48,"column":52}},"48":{"start":{"line":49,"column":0},"end":{"line":49,"column":17}},"49":{"start":{"line":50,"column":0},"end":{"line":50,"column":45}},"50":{"start":{"line":51,"column":0},"end":{"line":51,"column":25}},"51":{"start":{"line":52,"column":0},"end":{"line":52,"column":43}},"52":{"start":{"line":53,"column":0},"end":{"line":53,"column":51}},"53":{"start":{"line":54,"column":0},"end":{"line":54,"column":30}},"54":{"start":{"line":55,"column":0},"end":{"line":55,"column":50}},"55":{"start":{"line":56,"column":0},"end":{"line":56,"column":10}},"56":{"start":{"line":57,"column":0},"end":{"line":57,"column":7}},"57":{"start":{"line":58,"column":0},"end":{"line":58,"column":5}},"58":{"start":{"line":59,"column":0},"end":{"line":59,"column":0}},"59":{"start":{"line":60,"column":0},"end":{"line":60,"column":23}},"60":{"start":{"line":61,"column":0},"end":{"line":61,"column":9}},"61":{"start":{"line":62,"column":0},"end":{"line":62,"column":33}},"62":{"start":{"line":63,"column":0},"end":{"line":63,"column":55}},"63":{"start":{"line":64,"column":0},"end":{"line":64,"column":9}},"64":{"start":{"line":65,"column":0},"end":{"line":65,"column":19}},"65":{"start":{"line":66,"column":0},"end":{"line":66,"column":33}},"66":{"start":{"line":67,"column":0},"end":{"line":67,"column":28}},"67":{"start":{"line":68,"column":0},"end":{"line":68,"column":40}},"68":{"start":{"line":69,"column":0},"end":{"line":69,"column":26}},"69":{"start":{"line":70,"column":0},"end":{"line":70,"column":12}},"70":{"start":{"line":71,"column":0},"end":{"line":71,"column":9}},"71":{"start":{"line":72,"column":0},"end":{"line":72,"column":8}},"72":{"start":{"line":73,"column":0},"end":{"line":73,"column":0}},"73":{"start":{"line":74,"column":0},"end":{"line":74,"column":35}},"74":{"start":{"line":75,"column":0},"end":{"line":75,"column":83}},"75":{"start":{"line":76,"column":0},"end":{"line":76,"column":14}},"76":{"start":{"line":77,"column":0},"end":{"line":77,"column":0}},"77":{"start":{"line":78,"column":0},"end":{"line":78,"column":12}},"78":{"start":{"line":79,"column":0},"end":{"line":79,"column":26}},"79":{"start":{"line":80,"column":0},"end":{"line":80,"column":37}},"80":{"start":{"line":81,"column":0},"end":{"line":81,"column":30}},"81":{"start":{"line":82,"column":0},"end":{"line":82,"column":68}},"82":{"start":{"line":83,"column":0},"end":{"line":83,"column":76}},"83":{"start":{"line":84,"column":0},"end":{"line":84,"column":23}},"84":{"start":{"line":85,"column":0},"end":{"line":85,"column":14}},"85":{"start":{"line":86,"column":0},"end":{"line":86,"column":6}},"86":{"start":{"line":87,"column":0},"end":{"line":87,"column":19}},"87":{"start":{"line":88,"column":0},"end":{"line":88,"column":35}},"88":{"start":{"line":89,"column":0},"end":{"line":89,"column":3}},"89":{"start":{"line":90,"column":0},"end":{"line":90,"column":1}},"90":{"start":{"line":91,"column":0},"end":{"line":91,"column":0}},"91":{"start":{"line":92,"column":0},"end":{"line":92,"column":61}},"92":{"start":{"line":93,"column":0},"end":{"line":93,"column":0}},"93":{"start":{"line":94,"column":0},"end":{"line":94,"column":11}},"94":{"start":{"line":95,"column":0},"end":{"line":95,"column":28}},"95":{"start":{"line":96,"column":0},"end":{"line":96,"column":60}},"96":{"start":{"line":97,"column":0},"end":{"line":97,"column":3}},"97":{"start":{"line":98,"column":0},"end":{"line":98,"column":0}},"98":{"start":{"line":99,"column":0},"end":{"line":99,"column":17}},"99":{"start":{"line":100,"column":0},"end":{"line":100,"column":52}},"100":{"start":{"line":101,"column":0},"end":{"line":101,"column":7}},"101":{"start":{"line":102,"column":0},"end":{"line":102,"column":51}},"102":{"start":{"line":103,"column":0},"end":{"line":103,"column":15}},"103":{"start":{"line":104,"column":0},"end":{"line":104,"column":46}},"104":{"start":{"line":105,"column":0},"end":{"line":105,"column":3}},"105":{"start":{"line":106,"column":0},"end":{"line":106,"column":3}},"106":{"start":{"line":107,"column":0},"end":{"line":107,"column":0}},"107":{"start":{"line":108,"column":0},"end":{"line":108,"column":19}},"108":{"start":{"line":109,"column":0},"end":{"line":109,"column":47}},"109":{"start":{"line":110,"column":0},"end":{"line":110,"column":7}},"110":{"start":{"line":111,"column":0},"end":{"line":111,"column":32}},"111":{"start":{"line":112,"column":0},"end":{"line":112,"column":51}},"112":{"start":{"line":113,"column":0},"end":{"line":113,"column":7}},"113":{"start":{"line":114,"column":0},"end":{"line":114,"column":61}},"114":{"start":{"line":115,"column":0},"end":{"line":115,"column":7}},"115":{"start":{"line":116,"column":0},"end":{"line":116,"column":6}},"116":{"start":{"line":117,"column":0},"end":{"line":117,"column":0}},"117":{"start":{"line":118,"column":0},"end":{"line":118,"column":31}},"118":{"start":{"line":119,"column":0},"end":{"line":119,"column":15}},"119":{"start":{"line":120,"column":0},"end":{"line":120,"column":46}},"120":{"start":{"line":121,"column":0},"end":{"line":121,"column":3}},"121":{"start":{"line":122,"column":0},"end":{"line":122,"column":3}},"122":{"start":{"line":123,"column":0},"end":{"line":123,"column":0}},"123":{"start":{"line":124,"column":0},"end":{"line":124,"column":19}},"124":{"start":{"line":125,"column":0},"end":{"line":125,"column":30}},"125":{"start":{"line":126,"column":0},"end":{"line":126,"column":40}},"126":{"start":{"line":127,"column":0},"end":{"line":127,"column":24}},"127":{"start":{"line":128,"column":0},"end":{"line":128,"column":66}},"128":{"start":{"line":129,"column":0},"end":{"line":129,"column":4}},"129":{"start":{"line":130,"column":0},"end":{"line":130,"column":1}},"130":{"start":{"line":131,"column":0},"end":{"line":131,"column":0}},"131":{"start":{"line":132,"column":0},"end":{"line":132,"column":21}}},"s":{"0":1,"1":1,"2":1,"3":1,"4":1,"5":1,"6":1,"7":1,"8":1,"9":1,"10":1,"11":1,"12":1,"13":1,"14":1,"15":1,"16":8,"17":8,"18":8,"19":8,"20":8,"21":8,"22":8,"23":8,"24":8,"25":8,"26":8,"27":8,"28":7,"29":8,"30":8,"31":6,"32":6,"33":6,"34":6,"35":6,"36":6,"37":6,"38":6,"39":6,"40":6,"41":6,"42":8,"43":5,"44":5,"45":5,"46":4,"47":5,"48":3,"49":3,"50":3,"51":3,"52":3,"53":3,"54":3,"55":3,"56":3,"57":5,"58":5,"59":5,"60":5,"61":5,"62":5,"63":5,"64":5,"65":5,"66":5,"67":5,"68":5,"69":5,"70":5,"71":5,"72":4,"73":4,"74":8,"75":8,"76":5,"77":5,"78":5,"79":5,"80":5,"81":5,"82":5,"83":5,"84":5,"85":5,"86":8,"87":3,"88":3,"89":8,"90":1,"91":1,"92":1,"93":1,"94":1,"95":0,"96":1,"97":1,"98":1,"99":1,"100":8,"101":8,"102":8,"103":3,"104":3,"105":1,"106":1,"107":1,"108":1,"109":0,"110":0,"111":0,"112":0,"113":0,"114":0,"115":0,"116":0,"117":0,"118":0,"119":0,"120":0,"121":1,"122":1,"123":1,"124":1,"125":0,"126":0,"127":0,"128":0,"129":0,"130":1,"131":1},"branchMap":{"0":{"type":"branch","line":125,"loc":{"start":{"line":125,"column":29},"end":{"line":130,"column":1}},"locations":[{"start":{"line":125,"column":29},"end":{"line":130,"column":1}}]},"1":{"type":"branch","line":17,"loc":{"start":{"line":17,"column":0},"end":{"line":90,"column":1}},"locations":[{"start":{"line":17,"column":0},"end":{"line":90,"column":1}}]},"2":{"type":"branch","line":28,"loc":{"start":{"line":28,"column":5},"end":{"line":30,"column":44}},"locations":[{"start":{"line":28,"column":5},"end":{"line":30,"column":44}}]},"3":{"type":"branch","line":31,"loc":{"start":{"line":31,"column":6},"end":{"line":31,"column":54}},"locations":[{"start":{"line":31,"column":6},"end":{"line":31,"column":54}}]},"4":{"type":"branch","line":31,"loc":{"start":{"line":31,"column":53},"end":{"line":43,"column":16}},"locations":[{"start":{"line":31,"column":53},"end":{"line":43,"column":16}}]},"5":{"type":"branch","line":43,"loc":{"start":{"line":43,"column":16},"end":{"line":72,"column":8}},"locations":[{"start":{"line":43,"column":16},"end":{"line":72,"column":8}}]},"6":{"type":"branch","line":46,"loc":{"start":{"line":46,"column":8},"end":{"line":48,"column":37}},"locations":[{"start":{"line":46,"column":8},"end":{"line":48,"column":37}}]},"7":{"type":"branch","line":48,"loc":{"start":{"line":48,"column":51},"end":{"line":57,"column":7}},"locations":[{"start":{"line":48,"column":51},"end":{"line":57,"column":7}}]},"8":{"type":"branch","line":54,"loc":{"start":{"line":54,"column":13},"end":{"line":54,"column":20}},"locations":[{"start":{"line":54,"column":13},"end":{"line":54,"column":20}}]},"9":{"type":"branch","line":54,"loc":{"start":{"line":54,"column":20},"end":{"line":54,"column":29}},"locations":[{"start":{"line":54,"column":20},"end":{"line":54,"column":29}}]},"10":{"type":"branch","line":72,"loc":{"start":{"line":72,"column":7},"end":{"line":74,"column":35}},"locations":[{"start":{"line":72,"column":7},"end":{"line":74,"column":35}}]},"11":{"type":"branch","line":75,"loc":{"start":{"line":75,"column":8},"end":{"line":75,"column":83}},"locations":[{"start":{"line":75,"column":8},"end":{"line":75,"column":83}}]},"12":{"type":"branch","line":76,"loc":{"start":{"line":76,"column":6},"end":{"line":76,"column":14}},"locations":[{"start":{"line":76,"column":6},"end":{"line":76,"column":14}}]},"13":{"type":"branch","line":76,"loc":{"start":{"line":76,"column":13},"end":{"line":87,"column":4}},"locations":[{"start":{"line":76,"column":13},"end":{"line":87,"column":4}}]},"14":{"type":"branch","line":87,"loc":{"start":{"line":87,"column":4},"end":{"line":89,"column":3}},"locations":[{"start":{"line":87,"column":4},"end":{"line":89,"column":3}}]},"15":{"type":"branch","line":53,"loc":{"start":{"line":53,"column":15},"end":{"line":53,"column":51}},"locations":[{"start":{"line":53,"column":15},"end":{"line":53,"column":51}}]},"16":{"type":"branch","line":100,"loc":{"start":{"line":100,"column":31},"end":{"line":106,"column":2}},"locations":[{"start":{"line":100,"column":31},"end":{"line":106,"column":2}}]},"17":{"type":"branch","line":102,"loc":{"start":{"line":102,"column":49},"end":{"line":103,"column":4}},"locations":[{"start":{"line":102,"column":49},"end":{"line":103,"column":4}}]},"18":{"type":"branch","line":103,"loc":{"start":{"line":103,"column":4},"end":{"line":105,"column":3}},"locations":[{"start":{"line":103,"column":4},"end":{"line":105,"column":3}}]}},"b":{"0":[0],"1":[8],"2":[7],"3":[1],"4":[6],"5":[5],"6":[4],"7":[3],"8":[1],"9":[2],"10":[4],"11":[1],"12":[1],"13":[5],"14":[3],"15":[1],"16":[8],"17":[5],"18":[3]},"fnMap":{"0":{"name":"buscarFilme","decl":{"start":{"line":17,"column":0},"end":{"line":90,"column":1}},"loc":{"start":{"line":17,"column":0},"end":{"line":90,"column":1}},"line":17}},"f":{"0":8}}
}
