TN:
SF:src/App.js
FN:19,buscarFilme
FNF:1
FNH:1
FNDA:8,buscarFilme
DA:1,1
DA:2,1
DA:3,1
DA:4,1
DA:5,1
DA:6,1
DA:7,1
DA:8,1
DA:9,1
DA:10,1
DA:11,1
DA:12,1
DA:13,1
DA:14,1
DA:15,1
DA:16,1
DA:17,1
DA:18,1
DA:19,8
DA:20,8
DA:21,8
DA:22,8
DA:23,8
DA:24,8
DA:25,8
DA:26,8
DA:27,8
DA:28,8
DA:29,8
DA:30,8
DA:31,7
DA:32,8
DA:33,8
DA:34,6
DA:35,6
DA:36,6
DA:37,6
DA:38,6
DA:39,6
DA:40,6
DA:41,6
DA:42,6
DA:43,6
DA:44,6
DA:45,8
DA:46,5
DA:47,5
DA:48,5
DA:49,4
DA:50,5
DA:51,3
DA:52,3
DA:53,3
DA:54,3
DA:55,3
DA:56,3
DA:57,3
DA:58,3
DA:59,3
DA:60,5
DA:61,5
DA:62,5
DA:63,5
DA:64,5
DA:65,5
DA:66,5
DA:67,5
DA:68,5
DA:69,5
DA:70,5
DA:71,5
DA:72,5
DA:73,5
DA:74,5
DA:75,4
DA:76,4
DA:77,8
DA:78,8
DA:79,5
DA:80,5
DA:81,5
DA:82,5
DA:83,5
DA:84,5
DA:85,5
DA:86,5
DA:87,5
DA:88,5
DA:89,8
DA:90,3
DA:91,3
DA:92,8
DA:93,1
DA:94,1
DA:95,1
DA:96,1
DA:97,1
DA:98,1
DA:99,1
DA:100,0
DA:101,1
DA:102,1
DA:103,1
DA:104,1
DA:105,8
DA:106,8
DA:107,8
DA:108,3
DA:109,3
DA:110,1
DA:111,1
DA:112,1
DA:113,1
DA:114,0
DA:115,0
DA:116,0
DA:117,0
DA:118,0
DA:119,0
DA:120,0
DA:121,0
DA:122,0
DA:123,0
DA:124,0
DA:125,0
DA:126,1
DA:127,1
DA:128,1
DA:129,1
DA:130,1
DA:131,1
DA:132,1
DA:133,1
DA:134,1
DA:135,1
DA:136,1
DA:137,1
DA:138,1
DA:139,1
DA:140,1
DA:141,1
DA:142,1
DA:143,1
DA:144,1
DA:145,1
DA:146,1
DA:147,1
DA:148,1
DA:149,1
DA:150,1
DA:151,1
DA:152,1
DA:153,1
DA:154,0
DA:155,0
DA:156,0
DA:157,0
DA:158,0
DA:159,1
DA:160,1
LF:160
LH:142
BRDA:153,0,0,0
BRDA:19,1,0,8
BRDA:30,2,0,7
BRDA:33,3,0,1
BRDA:33,4,0,6
BRDA:45,5,0,5
BRDA:48,6,0,4
BRDA:50,7,0,3
BRDA:56,8,0,1
BRDA:56,9,0,2
BRDA:74,10,0,4
BRDA:77,11,0,1
BRDA:78,12,0,1
BRDA:78,13,0,5
BRDA:89,14,0,3
BRDA:55,15,0,1
BRDA:104,16,0,8
BRDA:106,17,0,5
BRDA:107,18,0,3
BRDA:133,19,0,1
BRDA:144,20,0,1
BRF:21
BRH:20
end_of_record
