TN:
SF:src/App.js
FN:17,buscarFilme
FNF:1
FNH:1
FNDA:8,buscarFilme
DA:1,1
DA:2,1
DA:3,1
DA:4,1
DA:5,1
DA:6,1
DA:7,1
DA:8,1
DA:9,1
DA:10,1
DA:11,1
DA:12,1
DA:13,1
DA:14,1
DA:15,1
DA:16,1
DA:17,8
DA:18,8
DA:19,8
DA:20,8
DA:21,8
DA:22,8
DA:23,8
DA:24,8
DA:25,8
DA:26,8
DA:27,8
DA:28,8
DA:29,7
DA:30,8
DA:31,8
DA:32,6
DA:33,6
DA:34,6
DA:35,6
DA:36,6
DA:37,6
DA:38,6
DA:39,6
DA:40,6
DA:41,6
DA:42,6
DA:43,8
DA:44,5
DA:45,5
DA:46,5
DA:47,4
DA:48,5
DA:49,3
DA:50,3
DA:51,3
DA:52,3
DA:53,3
DA:54,3
DA:55,3
DA:56,3
DA:57,3
DA:58,5
DA:59,5
DA:60,5
DA:61,5
DA:62,5
DA:63,5
DA:64,5
DA:65,5
DA:66,5
DA:67,5
DA:68,5
DA:69,5
DA:70,5
DA:71,5
DA:72,5
DA:73,4
DA:74,4
DA:75,8
DA:76,8
DA:77,5
DA:78,5
DA:79,5
DA:80,5
DA:81,5
DA:82,5
DA:83,5
DA:84,5
DA:85,5
DA:86,5
DA:87,8
DA:88,3
DA:89,3
DA:90,8
DA:91,1
DA:92,1
DA:93,1
DA:94,1
DA:95,1
DA:96,0
DA:97,1
DA:98,1
DA:99,1
DA:100,1
DA:101,8
DA:102,8
DA:103,8
DA:104,3
DA:105,3
DA:106,1
DA:107,1
DA:108,1
DA:109,1
DA:110,0
DA:111,0
DA:112,0
DA:113,0
DA:114,0
DA:115,0
DA:116,0
DA:117,0
DA:118,0
DA:119,0
DA:120,0
DA:121,0
DA:122,1
DA:123,1
DA:124,1
DA:125,1
DA:126,0
DA:127,0
DA:128,0
DA:129,0
DA:130,0
DA:131,1
DA:132,1
LF:132
LH:114
BRDA:125,0,0,0
BRDA:17,1,0,8
BRDA:28,2,0,7
BRDA:31,3,0,1
BRDA:31,4,0,6
BRDA:43,5,0,5
BRDA:46,6,0,4
BRDA:48,7,0,3
BRDA:54,8,0,1
BRDA:54,9,0,2
BRDA:72,10,0,4
BRDA:75,11,0,1
BRDA:76,12,0,1
BRDA:76,13,0,5
BRDA:87,14,0,3
BRDA:53,15,0,1
BRDA:100,16,0,8
BRDA:102,17,0,5
BRDA:103,18,0,3
BRF:19
BRH:18
end_of_record
